#
# There is insufficient memory for the Java Runtime Environment to continue.
# Native memory allocation (mmap) failed to map 264241152 bytes. Error detail: G1 virtual space
# Possible reasons:
#   The system is out of physical RAM or swap space
#   This process is running with CompressedOops enabled, and the Java Heap may be blocking the growth of the native heap
# Possible solutions:
#   Reduce memory load on the system
#   Increase physical memory or swap space
#   Check if swap backing store is full
#   Decrease Java heap size (-Xmx/-Xms)
#   Decrease number of Java threads
#   Decrease Java thread stack sizes (-Xss)
#   Set larger code cache with -XX:ReservedCodeCacheSize=
#   JVM is running with Zero Based Compressed Oops mode in which the Java heap is
#     placed in the first 32GB address space. The Java Heap base address is the
#     maximum limit for the native heap growth. Please use -XX:HeapBaseMinAddress
#     to set the Java Heap base and to place the Java Heap above 32GB virtual address.
# This output file may be truncated or incomplete.
#
#  Out of Memory Error (os_windows.cpp:3631), pid=4880, tid=18900
#
# JRE version:  (22.0.2+9) (build )
# Java VM: Java HotSpot(TM) 64-Bit Server VM (22.0.2+9-70, mixed mode, sharing, tiered, compressed oops, compressed class ptrs, g1 gc, windows-amd64)
# No core dump will be written. Minidumps are not enabled by default on client versions of Windows
#

---------------  S U M M A R Y ------------

Command Line: -Dfile.encoding=UTF-8 -Dstdout.encoding=UTF-8 -Dstderr.encoding=UTF-8 -XX:+ShowCodeDetailsInExceptionMessages com.lokesh.java.Quizz

Host: 13th Gen Intel(R) Core(TM) i7-1355U, 12 cores, 15G,  Windows 11 , 64 bit Build 22621 (10.0.22621.4391)
Time: Thu Dec 19 12:35:18 2024 India Standard Time elapsed time: 0.015677 seconds (0d 0h 0m 0s)

---------------  T H R E A D  ---------------

Current thread (0x0000018b374098d0):  JavaThread "Unknown thread" [_thread_in_vm, id=18900, stack(0x0000004435000000,0x0000004435100000) (1024K)]

Stack: [0x0000004435000000,0x0000004435100000]
Native frames: (J=compiled Java code, j=interpreted, Vv=VM code, C=native code)
V  [jvm.dll+0x6e26e9]  (no source info available)
V  [jvm.dll+0x875753]  (no source info available)
V  [jvm.dll+0x877b7e]  (no source info available)
V  [jvm.dll+0x878253]  (no source info available)
V  [jvm.dll+0x27fc86]  (no source info available)
V  [jvm.dll+0x6ded85]  (no source info available)
V  [jvm.dll+0x6d388a]  (no source info available)
V  [jvm.dll+0x358b8a]  (no source info available)
V  [jvm.dll+0x3610b6]  (no source info available)
V  [jvm.dll+0x3b419e]  (no source info available)
V  [jvm.dll+0x3b4448]  (no source info available)
V  [jvm.dll+0x32c5ec]  (no source info available)
V  [jvm.dll+0x32d258]  (no source info available)
V  [jvm.dll+0x83d5ac]  (no source info available)
V  [jvm.dll+0x3c10d1]  (no source info available)
V  [jvm.dll+0x8264cc]  (no source info available)
V  [jvm.dll+0x45bd5e]  (no source info available)
V  [jvm.dll+0x45dbe1]  (no source info available)
C  [jli.dll+0x52a3]  (no source info available)
C  [ucrtbase.dll+0x29333]  (no source info available)
C  [KERNEL32.DLL+0x1259d]  (no source info available)
C  [ntdll.dll+0x5af38]  (no source info available)


---------------  P R O C E S S  ---------------

Threads class SMR info:
_java_thread_list=0x00007ffa5163c1c8, length=0, elements={
}

Java Threads: ( => current thread )
Total: 0

Other Threads:
  0x0000018b37470f20 WorkerThread "GC Thread#0"                     [id=19816, stack(0x0000004435100000,0x0000004435200000) (1024K)]
  0x0000018b37481990 ConcurrentGCThread "G1 Main Marker"            [id=10968, stack(0x0000004435200000,0x0000004435300000) (1024K)]
  0x0000018b37482df0 WorkerThread "G1 Conc#0"                       [id=20392, stack(0x0000004435300000,0x0000004435400000) (1024K)]

[error occurred during error reporting (printing all threads), id 0xc0000005, EXCEPTION_ACCESS_VIOLATION (0xc0000005) at pc=0x00007ffa50d8f517]
VM state: not at safepoint (not fully initialized)

VM Mutex/Monitor currently owned by a thread:  ([mutex/lock_event])
[0x00007ffa516bcc80] Heap_lock - owner thread: 0x0000018b374098d0

Heap address: 0x0000000705800000, size: 4008 MB, Compressed Oops mode: Zero based, Oop shift amount: 3

CDS archive(s) mapped at: [0x0000000000000000-0x0000000000000000-0x0000000000000000), size 0, SharedBaseAddress: 0x0000000800000000, ArchiveRelocationMode: 1.
Narrow klass base: 0x0000000000000000, Narrow klass shift: 0, Narrow klass range: 0x0

GC Precious Log:
 CardTable entry size: 512
 Card Set container configuration: InlinePtr #cards 4 size 8 Array Of Cards #cards 16 size 48 Howl #buckets 8 coarsen threshold 3686 Howl Bitmap #cards 512 size 80 coarsen threshold 460 Card regions per heap region 1 cards per card region 4096

Heap:
 garbage-first heap   total reserved 4104192K, committed 0K, used 0K [0x0000000705800000, 0x0000000800000000)
  region size 2048K, 0 young (0K), 0 survivors (0K)

[error occurred during error reporting (printing heap information), id 0xc0000005, EXCEPTION_ACCESS_VIOLATION (0xc0000005) at pc=0x00007ffa5118e869]
GC Heap History (0 events):
No events

Dll operation events (1 events):
Event: 0.008 Loaded shared library C:\Program Files\Java\jdk-22\bin\java.dll

Deoptimization events (0 events):
No events

Classes loaded (0 events):
No events

Classes unloaded (0 events):
No events

Classes redefined (0 events):
No events

Internal exceptions (0 events):
No events

ZGC Phase Switch (0 events):
No events

VM Operations (0 events):
No events

Memory protections (0 events):
No events

Nmethod flushes (0 events):
No events

Events (0 events):
No events


Dynamic libraries:
0x00007ff7ed680000 - 0x00007ff7ed690000 	C:\Program Files\Java\jdk-22\bin\javaw.exe
0x00007ffb14b50000 - 0x00007ffb14d67000 	C:\windows\SYSTEM32\ntdll.dll
0x00007ffb12a40000 - 0x00007ffb12b04000 	C:\windows\System32\KERNEL32.DLL
0x00007ffb11f90000 - 0x00007ffb1234a000 	C:\windows\System32\KERNELBASE.dll
0x00007ffb12520000 - 0x00007ffb12631000 	C:\windows\System32\ucrtbase.dll
0x00007ffadbce0000 - 0x00007ffadbcf7000 	C:\Program Files\Java\jdk-22\bin\jli.dll
0x00007ffb13e50000 - 0x00007ffb13ffe000 	C:\windows\System32\USER32.dll
0x00007ffb12350000 - 0x00007ffb12376000 	C:\windows\System32\win32u.dll
0x00007ffb14ae0000 - 0x00007ffb14b09000 	C:\windows\System32\GDI32.dll
0x00007ffb12670000 - 0x00007ffb1278b000 	C:\windows\System32\gdi32full.dll
0x00007ffb12480000 - 0x00007ffb1251a000 	C:\windows\System32\msvcp_win.dll
0x00007ffadbdb0000 - 0x00007ffadbdcb000 	C:\Program Files\Java\jdk-22\bin\VCRUNTIME140.dll
0x00007ffaf5380000 - 0x00007ffaf5612000 	C:\windows\WinSxS\amd64_microsoft.windows.common-controls_6595b64144ccf1df_6.0.22621.4541_none_2710d1c57384c085\COMCTL32.dll
0x00007ffb12850000 - 0x00007ffb128f7000 	C:\windows\System32\msvcrt.dll
0x00007ffb12900000 - 0x00007ffb12931000 	C:\windows\System32\IMM32.DLL
0x00007ffadbcd0000 - 0x00007ffadbcdc000 	C:\Program Files\Java\jdk-22\bin\vcruntime140_1.dll
0x00007ffa6ff70000 - 0x00007ffa6fffe000 	C:\Program Files\Java\jdk-22\bin\msvcp140.dll
0x00007ffa50a50000 - 0x00007ffa51799000 	C:\Program Files\Java\jdk-22\bin\server\jvm.dll
0x00007ffb14420000 - 0x00007ffb144d2000 	C:\windows\System32\ADVAPI32.dll
0x00007ffb12940000 - 0x00007ffb129e7000 	C:\windows\System32\sechost.dll
0x00007ffb12640000 - 0x00007ffb12668000 	C:\windows\System32\bcrypt.dll
0x00007ffb13d10000 - 0x00007ffb13e24000 	C:\windows\System32\RPCRT4.dll
0x00007ffb141d0000 - 0x00007ffb14241000 	C:\windows\System32\WS2_32.dll
0x00007ffb11cf0000 - 0x00007ffb11d3d000 	C:\windows\SYSTEM32\POWRPROF.dll
0x00007ffb06a30000 - 0x00007ffb06a3a000 	C:\windows\SYSTEM32\VERSION.dll
0x00007ffb09e90000 - 0x00007ffb09ec4000 	C:\windows\SYSTEM32\WINMM.dll
0x00007ffb11c20000 - 0x00007ffb11c33000 	C:\windows\SYSTEM32\UMPDC.dll
0x00007ffb10e20000 - 0x00007ffb10e38000 	C:\windows\SYSTEM32\kernel.appcore.dll
0x00007ffadbcc0000 - 0x00007ffadbcca000 	C:\Program Files\Java\jdk-22\bin\jimage.dll
0x00007ffb0f7a0000 - 0x00007ffb0f9d2000 	C:\windows\SYSTEM32\DBGHELP.DLL
0x00007ffb14750000 - 0x00007ffb14adf000 	C:\windows\System32\combase.dll
0x00007ffb12b80000 - 0x00007ffb12c57000 	C:\windows\System32\OLEAUT32.dll
0x00007ffaea560000 - 0x00007ffaea592000 	C:\windows\SYSTEM32\dbgcore.DLL
0x00007ffb12400000 - 0x00007ffb1247b000 	C:\windows\System32\bcryptPrimitives.dll
0x00007ffa6f080000 - 0x00007ffa6f09e000 	C:\Program Files\Java\jdk-22\bin\java.dll
0x00007ffb13390000 - 0x00007ffb13c08000 	C:\windows\System32\SHELL32.dll
0x00007ffb13160000 - 0x00007ffb13305000 	C:\windows\System32\ole32.dll

dbghelp: loaded successfully - version: 4.0.5 - missing functions: none
symbol engine: initialized successfully - sym options: 0x614 - pdb path: .;C:\Program Files\Java\jdk-22\bin;C:\windows\SYSTEM32;C:\windows\WinSxS\amd64_microsoft.windows.common-controls_6595b64144ccf1df_6.0.22621.4541_none_2710d1c57384c085;C:\Program Files\Java\jdk-22\bin\server

VM Arguments:
jvm_args: -Dfile.encoding=UTF-8 -Dstdout.encoding=UTF-8 -Dstderr.encoding=UTF-8 -XX:+ShowCodeDetailsInExceptionMessages 
java_command: com.lokesh.java.Quizz
java_class_path (initial): C:\Users\Sai Lokeshwar\eclipse-workspace\Lokesh\bin
Launcher Type: SUN_STANDARD

[Global flags]
     intx CICompilerCount                          = 4                                         {product} {ergonomic}
     uint ConcGCThreads                            = 3                                         {product} {ergonomic}
     uint G1ConcRefinementThreads                  = 10                                        {product} {ergonomic}
   size_t G1HeapRegionSize                         = 2097152                                   {product} {ergonomic}
   size_t InitialHeapSize                          = 264241152                                 {product} {ergonomic}
   size_t MarkStackSize                            = 4194304                                   {product} {ergonomic}
   size_t MaxHeapSize                              = 4202692608                                {product} {ergonomic}
   size_t MinHeapDeltaBytes                        = 2097152                                   {product} {ergonomic}
   size_t MinHeapSize                              = 8388608                                   {product} {ergonomic}
    uintx NonNMethodCodeHeapSize                   = 5839372                                {pd product} {ergonomic}
    uintx NonProfiledCodeHeapSize                  = 122909434                              {pd product} {ergonomic}
    uintx ProfiledCodeHeapSize                     = 122909434                              {pd product} {ergonomic}
    uintx ReservedCodeCacheSize                    = 251658240                              {pd product} {ergonomic}
     bool SegmentedCodeCache                       = true                                      {product} {ergonomic}
     bool ShowCodeDetailsInExceptionMessages       = true                                   {manageable} {command line}
   size_t SoftMaxHeapSize                          = 4202692608                             {manageable} {ergonomic}
     bool UseCompressedOops                        = true                           {product lp64_product} {ergonomic}
     bool UseG1GC                                  = true                                      {product} {ergonomic}
     bool UseLargePagesIndividualAllocation        = false                                  {pd product} {ergonomic}

Logging:
Log output configuration:
 #0: stdout all=warning uptime,level,tags foldmultilines=false
 #1: stderr all=off uptime,level,tags foldmultilines=false

Environment Variables:
PATH=C:\Program Files\Common Files\Oracle\Java\javapath;C:\Python\Python312\Scripts\;C:\Python\Python312\;C:\windows\system32;C:\windows;C:\windows\System32\Wbem;C:\windows\System32\WindowsPowerShell\v1.0\;C:\windows\System32\OpenSSH\;C:\Program Files\HP\HP One Agent;C:\Users\Sai Lokeshwar\AppData\Local\Microsoft\WindowsApps;C:\xampp\php;C:\Users\Sai Lokeshwar\AppData\Roaming\Composer\vendor\bin;C:\Users\Sai Lokeshwar\composer;C:\Users\Sai Lokeshwar\AppData\Local\Programs\Git\cmd
USERNAME=Sai Lokeshwar
OS=Windows_NT
PROCESSOR_IDENTIFIER=Intel64 Family 6 Model 186 Stepping 3, GenuineIntel
TMP=C:\Users\SAILOK~1\AppData\Local\Temp
TEMP=C:\Users\SAILOK~1\AppData\Local\Temp




Periodic native trim disabled

---------------  S Y S T E M  ---------------

OS:
 Windows 11 , 64 bit Build 22621 (10.0.22621.4391)
OS uptime: 0 days 2:00 hours
Hyper-V role detected

CPU: total 12 (initial active 12) (6 cores per cpu, 2 threads per core) family 6 model 186 stepping 3 microcode 0x4121, cx8, cmov, fxsr, ht, mmx, 3dnowpref, sse, sse2, sse3, ssse3, sse4.1, sse4.2, popcnt, lzcnt, tsc, tscinvbit, avx, avx2, aes, erms, clmul, bmi1, bmi2, adx, sha, fma, vzeroupper, clflush, clflushopt, clwb, hv, serialize, rdtscp, rdpid, fsrm, f16c, cet_ibt, cet_ss
Processor Information for processor 0
  Max Mhz: 1700, Current Mhz: 1700, Mhz Limit: 1700
Processor Information for processor 1
  Max Mhz: 1700, Current Mhz: 1700, Mhz Limit: 1700
Processor Information for processor 2
  Max Mhz: 1700, Current Mhz: 1700, Mhz Limit: 1700
Processor Information for processor 3
  Max Mhz: 1700, Current Mhz: 1700, Mhz Limit: 1700
Processor Information for processor 4
  Max Mhz: 1700, Current Mhz: 1200, Mhz Limit: 1190
Processor Information for processor 5
  Max Mhz: 1700, Current Mhz: 1200, Mhz Limit: 1190
Processor Information for processor 6
  Max Mhz: 1700, Current Mhz: 1200, Mhz Limit: 1190
Processor Information for processor 7
  Max Mhz: 1700, Current Mhz: 1200, Mhz Limit: 1190
Processor Information for processor 8
  Max Mhz: 1700, Current Mhz: 1200, Mhz Limit: 1190
Processor Information for processor 9
  Max Mhz: 1700, Current Mhz: 1200, Mhz Limit: 1190
Processor Information for processor 10
  Max Mhz: 1700, Current Mhz: 1200, Mhz Limit: 1190
Processor Information for processor 11
  Max Mhz: 1700, Current Mhz: 1200, Mhz Limit: 1190

Memory: 4k page, system-wide physical 16024M (8360M free)
TotalPageFile size 19298M (AvailPageFile size 117M)
current process WorkingSet (physical memory assigned to process): 12M, peak: 12M
current process commit charge ("private bytes"): 64M, peak: 316M

vm_info: Java HotSpot(TM) 64-Bit Server VM (22.0.2+9-70) for windows-amd64 JRE (22.0.2+9-70), built on 2024-06-04T16:52:23Z by "mach5one" with MS VC++ 17.6 (VS2022)

END.
