#
# There is insufficient memory for the Java Runtime Environment to continue.
# Native memory allocation (mmap) failed to map 264241152 bytes. Error detail: G1 virtual space
# Possible reasons:
#   The system is out of physical RAM or swap space
#   This process is running with CompressedOops enabled, and the Java Heap may be blocking the growth of the native heap
# Possible solutions:
#   Reduce memory load on the system
#   Increase physical memory or swap space
#   Check if swap backing store is full
#   Decrease Java heap size (-Xmx/-Xms)
#   Decrease number of Java threads
#   Decrease Java thread stack sizes (-Xss)
#   Set larger code cache with -XX:ReservedCodeCacheSize=
#   JVM is running with Zero Based Compressed Oops mode in which the Java heap is
#     placed in the first 32GB address space. The Java Heap base address is the
#     maximum limit for the native heap growth. Please use -XX:HeapBaseMinAddress
#     to set the Java Heap base and to place the Java Heap above 32GB virtual address.
# This output file may be truncated or incomplete.
#
#  Out of Memory Error (os_windows.cpp:3631), pid=9108, tid=4760
#
# JRE version:  (22.0.2+9) (build )
# Java VM: Java HotSpot(TM) 64-Bit Server VM (22.0.2+9-70, mixed mode, sharing, tiered, compressed oops, compressed class ptrs, g1 gc, windows-amd64)
# No core dump will be written. Minidumps are not enabled by default on client versions of Windows
#

---------------  S U M M A R Y ------------

Command Line: -Dfile.encoding=UTF-8 -Dstdout.encoding=UTF-8 -Dstderr.encoding=UTF-8 -XX:+ShowCodeDetailsInExceptionMessages com.lokesh.java.Quizz

Host: 13th Gen Intel(R) Core(TM) i7-1355U, 12 cores, 15G,  Windows 11 , 64 bit Build 22621 (10.0.22621.4391)
Time: Wed Dec 18 23:22:49 2024 India Standard Time elapsed time: 0.013128 seconds (0d 0h 0m 0s)

---------------  T H R E A D  ---------------

Current thread (0x000002b29f5a9960):  JavaThread "Unknown thread" [_thread_in_vm, id=4760, stack(0x000000f772700000,0x000000f772800000) (1024K)]

Stack: [0x000000f772700000,0x000000f772800000]
Native frames: (J=compiled Java code, j=interpreted, Vv=VM code, C=native code)
V  [jvm.dll+0x6e26e9]  (no source info available)
V  [jvm.dll+0x875753]  (no source info available)
V  [jvm.dll+0x877b7e]  (no source info available)
V  [jvm.dll+0x878253]  (no source info available)
V  [jvm.dll+0x27fc86]  (no source info available)
V  [jvm.dll+0x6ded85]  (no source info available)
V  [jvm.dll+0x6d388a]  (no source info available)
V  [jvm.dll+0x358b8a]  (no source info available)
V  [jvm.dll+0x3610b6]  (no source info available)
V  [jvm.dll+0x3b419e]  (no source info available)
V  [jvm.dll+0x3b4448]  (no source info available)
V  [jvm.dll+0x32c5ec]  (no source info available)
V  [jvm.dll+0x32d258]  (no source info available)
V  [jvm.dll+0x83d5ac]  (no source info available)
V  [jvm.dll+0x3c10d1]  (no source info available)
V  [jvm.dll+0x8264cc]  (no source info available)
V  [jvm.dll+0x45bd5e]  (no source info available)
V  [jvm.dll+0x45dbe1]  (no source info available)
C  [jli.dll+0x52a3]  (no source info available)
C  [ucrtbase.dll+0x29333]  (no source info available)
C  [KERNEL32.DLL+0x1259d]  (no source info available)
C  [ntdll.dll+0x5af38]  (no source info available)


---------------  P R O C E S S  ---------------

Threads class SMR info:
_java_thread_list=0x00007ffa96f7c1c8, length=0, elements={
}

Java Threads: ( => current thread )
Total: 0

Other Threads:
  0x000002b29f611a90 WorkerThread "GC Thread#0"                     [id=20192, stack(0x000000f772800000,0x000000f772900000) (1024K)]
  0x000002b29f625180 ConcurrentGCThread "G1 Main Marker"            [id=12940, stack(0x000000f772900000,0x000000f772a00000) (1024K)]
  0x000002b29f625ba0 WorkerThread "G1 Conc#0"                       [id=19268, stack(0x000000f772a00000,0x000000f772b00000) (1024K)]

[error occurred during error reporting (printing all threads), id 0xc0000005, EXCEPTION_ACCESS_VIOLATION (0xc0000005) at pc=0x00007ffa966cf517]
VM state: not at safepoint (not fully initialized)

VM Mutex/Monitor currently owned by a thread:  ([mutex/lock_event])
[0x00007ffa96ffcc80] Heap_lock - owner thread: 0x000002b29f5a9960

Heap address: 0x0000000705800000, size: 4008 MB, Compressed Oops mode: Zero based, Oop shift amount: 3

CDS archive(s) mapped at: [0x0000000000000000-0x0000000000000000-0x0000000000000000), size 0, SharedBaseAddress: 0x0000000800000000, ArchiveRelocationMode: 1.
Narrow klass base: 0x0000000000000000, Narrow klass shift: 0, Narrow klass range: 0x0

GC Precious Log:
 CardTable entry size: 512
 Card Set container configuration: InlinePtr #cards 4 size 8 Array Of Cards #cards 16 size 48 Howl #buckets 8 coarsen threshold 3686 Howl Bitmap #cards 512 size 80 coarsen threshold 460 Card regions per heap region 1 cards per card region 4096

Heap:
 garbage-first heap   total reserved 4104192K, committed 0K, used 0K [0x0000000705800000, 0x0000000800000000)
  region size 2048K, 0 young (0K), 0 survivors (0K)

[error occurred during error reporting (printing heap information), id 0xc0000005, EXCEPTION_ACCESS_VIOLATION (0xc0000005) at pc=0x00007ffa96ace869]
GC Heap History (0 events):
No events

Dll operation events (1 events):
Event: 0.009 Loaded shared library C:\Program Files\Java\jdk-22\bin\java.dll

Deoptimization events (0 events):
No events

Classes loaded (0 events):
No events

Classes unloaded (0 events):
No events

Classes redefined (0 events):
No events

Internal exceptions (0 events):
No events

ZGC Phase Switch (0 events):
No events

VM Operations (0 events):
No events

Memory protections (0 events):
No events

Nmethod flushes (0 events):
No events

Events (0 events):
No events


Dynamic libraries:
0x00007ff7789f0000 - 0x00007ff778a00000 	C:\Program Files\Java\jdk-22\bin\javaw.exe
0x00007ffafacd0000 - 0x00007ffafaee7000 	C:\windows\SYSTEM32\ntdll.dll
0x00007ffaf9900000 - 0x00007ffaf99c4000 	C:\windows\System32\KERNEL32.DLL
0x00007ffaf81b0000 - 0x00007ffaf856a000 	C:\windows\System32\KERNELBASE.dll
0x00007ffaf7fd0000 - 0x00007ffaf80e1000 	C:\windows\System32\ucrtbase.dll
0x00007ffa971a0000 - 0x00007ffa971b7000 	C:\Program Files\Java\jdk-22\bin\jli.dll
0x00007ffa97180000 - 0x00007ffa9719b000 	C:\Program Files\Java\jdk-22\bin\VCRUNTIME140.dll
0x00007ffaf8db0000 - 0x00007ffaf8f5e000 	C:\windows\System32\USER32.dll
0x00007ffaf8570000 - 0x00007ffaf8596000 	C:\windows\System32\win32u.dll
0x00007ffad97b0000 - 0x00007ffad9a42000 	C:\windows\WinSxS\amd64_microsoft.windows.common-controls_6595b64144ccf1df_6.0.22621.4541_none_2710d1c57384c085\COMCTL32.dll
0x00007ffafa910000 - 0x00007ffafa939000 	C:\windows\System32\GDI32.dll
0x00007ffaf8c20000 - 0x00007ffaf8cc7000 	C:\windows\System32\msvcrt.dll
0x00007ffaf86c0000 - 0x00007ffaf87db000 	C:\windows\System32\gdi32full.dll
0x00007ffaf8620000 - 0x00007ffaf86ba000 	C:\windows\System32\msvcp_win.dll
0x00007ffaf8d60000 - 0x00007ffaf8d91000 	C:\windows\System32\IMM32.DLL
0x00007ffa97170000 - 0x00007ffa9717c000 	C:\Program Files\Java\jdk-22\bin\vcruntime140_1.dll
0x00007ffa970e0000 - 0x00007ffa9716e000 	C:\Program Files\Java\jdk-22\bin\msvcp140.dll
0x00007ffa96390000 - 0x00007ffa970d9000 	C:\Program Files\Java\jdk-22\bin\server\jvm.dll
0x00007ffaf9da0000 - 0x00007ffaf9e52000 	C:\windows\System32\ADVAPI32.dll
0x00007ffaf93d0000 - 0x00007ffaf9477000 	C:\windows\System32\sechost.dll
0x00007ffaf7fa0000 - 0x00007ffaf7fc8000 	C:\windows\System32\bcrypt.dll
0x00007ffaf9b80000 - 0x00007ffaf9c94000 	C:\windows\System32\RPCRT4.dll
0x00007ffaf8cd0000 - 0x00007ffaf8d41000 	C:\windows\System32\WS2_32.dll
0x00007ffaf7e70000 - 0x00007ffaf7ebd000 	C:\windows\SYSTEM32\POWRPROF.dll
0x00007ffae3470000 - 0x00007ffae347a000 	C:\windows\SYSTEM32\VERSION.dll
0x00007ffaefee0000 - 0x00007ffaeff14000 	C:\windows\SYSTEM32\WINMM.dll
0x00007ffaf7da0000 - 0x00007ffaf7db3000 	C:\windows\SYSTEM32\UMPDC.dll
0x00007ffaf6fc0000 - 0x00007ffaf6fd8000 	C:\windows\SYSTEM32\kernel.appcore.dll
0x00007ffa962d0000 - 0x00007ffa962da000 	C:\Program Files\Java\jdk-22\bin\jimage.dll
0x00007ffaf5760000 - 0x00007ffaf5992000 	C:\windows\SYSTEM32\DBGHELP.DLL
0x00007ffaf9040000 - 0x00007ffaf93cf000 	C:\windows\System32\combase.dll
0x00007ffaf8f60000 - 0x00007ffaf9037000 	C:\windows\System32\OLEAUT32.dll
0x00007ffacff00000 - 0x00007ffacff32000 	C:\windows\SYSTEM32\dbgcore.DLL
0x00007ffaf8950000 - 0x00007ffaf89cb000 	C:\windows\System32\bcryptPrimitives.dll
0x00007ffa962b0000 - 0x00007ffa962ce000 	C:\Program Files\Java\jdk-22\bin\java.dll
0x00007ffafa090000 - 0x00007ffafa908000 	C:\windows\System32\SHELL32.dll
0x00007ffaf99d0000 - 0x00007ffaf9b75000 	C:\windows\System32\ole32.dll

dbghelp: loaded successfully - version: 4.0.5 - missing functions: none
symbol engine: initialized successfully - sym options: 0x614 - pdb path: .;C:\Program Files\Java\jdk-22\bin;C:\windows\SYSTEM32;C:\windows\WinSxS\amd64_microsoft.windows.common-controls_6595b64144ccf1df_6.0.22621.4541_none_2710d1c57384c085;C:\Program Files\Java\jdk-22\bin\server

VM Arguments:
jvm_args: -Dfile.encoding=UTF-8 -Dstdout.encoding=UTF-8 -Dstderr.encoding=UTF-8 -XX:+ShowCodeDetailsInExceptionMessages 
java_command: com.lokesh.java.Quizz
java_class_path (initial): C:\Users\Sai Lokeshwar\eclipse-workspace\Lokesh\bin
Launcher Type: SUN_STANDARD

[Global flags]
     intx CICompilerCount                          = 4                                         {product} {ergonomic}
     uint ConcGCThreads                            = 3                                         {product} {ergonomic}
     uint G1ConcRefinementThreads                  = 10                                        {product} {ergonomic}
   size_t G1HeapRegionSize                         = 2097152                                   {product} {ergonomic}
   size_t InitialHeapSize                          = 264241152                                 {product} {ergonomic}
   size_t MarkStackSize                            = 4194304                                   {product} {ergonomic}
   size_t MaxHeapSize                              = 4202692608                                {product} {ergonomic}
   size_t MinHeapDeltaBytes                        = 2097152                                   {product} {ergonomic}
   size_t MinHeapSize                              = 8388608                                   {product} {ergonomic}
    uintx NonNMethodCodeHeapSize                   = 5839372                                {pd product} {ergonomic}
    uintx NonProfiledCodeHeapSize                  = 122909434                              {pd product} {ergonomic}
    uintx ProfiledCodeHeapSize                     = 122909434                              {pd product} {ergonomic}
    uintx ReservedCodeCacheSize                    = 251658240                              {pd product} {ergonomic}
     bool SegmentedCodeCache                       = true                                      {product} {ergonomic}
     bool ShowCodeDetailsInExceptionMessages       = true                                   {manageable} {command line}
   size_t SoftMaxHeapSize                          = 4202692608                             {manageable} {ergonomic}
     bool UseCompressedOops                        = true                           {product lp64_product} {ergonomic}
     bool UseG1GC                                  = true                                      {product} {ergonomic}
     bool UseLargePagesIndividualAllocation        = false                                  {pd product} {ergonomic}

Logging:
Log output configuration:
 #0: stdout all=warning uptime,level,tags foldmultilines=false
 #1: stderr all=off uptime,level,tags foldmultilines=false

Environment Variables:
PATH=C:\Program Files\Common Files\Oracle\Java\javapath;C:\Python\Python312\Scripts\;C:\Python\Python312\;C:\windows\system32;C:\windows;C:\windows\System32\Wbem;C:\windows\System32\WindowsPowerShell\v1.0\;C:\windows\System32\OpenSSH\;C:\Program Files\HP\HP One Agent;C:\Users\Sai Lokeshwar\AppData\Local\Microsoft\WindowsApps;C:\xampp\php;C:\Users\Sai Lokeshwar\AppData\Roaming\Composer\vendor\bin;C:\Users\Sai Lokeshwar\composer;C:\Users\Sai Lokeshwar\AppData\Local\Programs\Git\cmd
USERNAME=Sai Lokeshwar
OS=Windows_NT
PROCESSOR_IDENTIFIER=Intel64 Family 6 Model 186 Stepping 3, GenuineIntel
TMP=C:\Users\SAILOK~1\AppData\Local\Temp
TEMP=C:\Users\SAILOK~1\AppData\Local\Temp




Periodic native trim disabled

---------------  S Y S T E M  ---------------

OS:
 Windows 11 , 64 bit Build 22621 (10.0.22621.4391)
OS uptime: 0 days 4:03 hours
Hyper-V role detected

CPU: total 12 (initial active 12) (6 cores per cpu, 2 threads per core) family 6 model 186 stepping 3 microcode 0x4121, cx8, cmov, fxsr, ht, mmx, 3dnowpref, sse, sse2, sse3, ssse3, sse4.1, sse4.2, popcnt, lzcnt, tsc, tscinvbit, avx, avx2, aes, erms, clmul, bmi1, bmi2, adx, sha, fma, vzeroupper, clflush, clflushopt, clwb, hv, serialize, rdtscp, rdpid, fsrm, f16c, cet_ibt, cet_ss
Processor Information for processor 0
  Max Mhz: 1700, Current Mhz: 1700, Mhz Limit: 1700
Processor Information for processor 1
  Max Mhz: 1700, Current Mhz: 1700, Mhz Limit: 1700
Processor Information for processor 2
  Max Mhz: 1700, Current Mhz: 1700, Mhz Limit: 1700
Processor Information for processor 3
  Max Mhz: 1700, Current Mhz: 1700, Mhz Limit: 1700
Processor Information for processor 4
  Max Mhz: 1700, Current Mhz: 1200, Mhz Limit: 1190
Processor Information for processor 5
  Max Mhz: 1700, Current Mhz: 1200, Mhz Limit: 1190
Processor Information for processor 6
  Max Mhz: 1700, Current Mhz: 1200, Mhz Limit: 1190
Processor Information for processor 7
  Max Mhz: 1700, Current Mhz: 1200, Mhz Limit: 1190
Processor Information for processor 8
  Max Mhz: 1700, Current Mhz: 1200, Mhz Limit: 1190
Processor Information for processor 9
  Max Mhz: 1700, Current Mhz: 1200, Mhz Limit: 1190
Processor Information for processor 10
  Max Mhz: 1700, Current Mhz: 1200, Mhz Limit: 1190
Processor Information for processor 11
  Max Mhz: 1700, Current Mhz: 1200, Mhz Limit: 1190

Memory: 4k page, system-wide physical 16024M (8557M free)
TotalPageFile size 19605M (AvailPageFile size 93M)
current process WorkingSet (physical memory assigned to process): 12M, peak: 12M
current process commit charge ("private bytes"): 64M, peak: 316M

vm_info: Java HotSpot(TM) 64-Bit Server VM (22.0.2+9-70) for windows-amd64 JRE (22.0.2+9-70), built on 2024-06-04T16:52:23Z by "mach5one" with MS VC++ 17.6 (VS2022)

END.
